\BOOKMARK [1][-]{section.1}{Introduction}{}% 1
\BOOKMARK [1][-]{section.2}{Governing Equations}{}% 2
\BOOKMARK [2][-]{subsection.2.1}{Navier Stokes equations}{section.2}% 3
\BOOKMARK [2][-]{subsection.2.2}{Reynolds Averaged Navier-Stokes \(RANS\) equations}{section.2}% 4
\BOOKMARK [1][-]{section.3}{Numerical Methods}{}% 5
\BOOKMARK [2][-]{subsection.3.1}{Flux Reconstruction Method}{section.3}% 6
\BOOKMARK [3][-]{subsubsection.3.1.1}{Solution of the Advection Equation in One Dimension using the FR Approach}{subsection.3.1}% 7
\BOOKMARK [2][-]{subsection.3.2}{Extension to Multiple Dimensions}{section.3}% 8
\BOOKMARK [2][-]{subsection.3.3}{Shock Capturing and Stabilization Models}{section.3}% 9
\BOOKMARK [2][-]{subsection.3.4}{Spalart-Allmaras \(SA\) Turbulence Model and Negative \040Modification}{section.3}% 10
\BOOKMARK [2][-]{subsection.3.5}{Large Eddy Simulation}{section.3}% 11
\BOOKMARK [2][-]{subsection.3.6}{Computing Architecture and Scalability}{section.3}% 12
\BOOKMARK [1][-]{section.4}{Verification and Validation}{}% 13
\BOOKMARK [2][-]{subsection.4.1}{Method of Manufactured Solutions}{section.4}% 14
\BOOKMARK [2][-]{subsection.4.2}{Subsonic laminar flat-plate}{section.4}% 15
\BOOKMARK [2][-]{subsection.4.3}{Circular Cylinder}{section.4}% 16
\BOOKMARK [2][-]{subsection.4.4}{SD7003 airfoil at 4 \040angle of attack}{section.4}% 17
\BOOKMARK [2][-]{subsection.4.5}{SD7003 wing section at 4 \040angle of attack}{section.4}% 18
\BOOKMARK [2][-]{subsection.4.6}{Taylor-Green Vortex at Re = 1,600}{section.4}% 19
\BOOKMARK [2][-]{subsection.4.7}{LES of Flow Over a Square Cylinder at Re = 21,400}{section.4}% 20
\BOOKMARK [2][-]{subsection.4.8}{NACA 0012 airfoil at 0 \040angle of attack, Re = 6 million, Ma = 0.15}{section.4}% 21
\BOOKMARK [1][-]{section.5}{Conclusion}{}% 22
