\BOOKMARK [1][-]{section.1}{Introduction}{}% 1
\BOOKMARK [1][-]{section.2}{Flux Reconstruction Method}{}% 2
\BOOKMARK [2][-]{subsection.2.1}{Solution of the Advection Equation in One Dimension using the FR Approach}{section.2}% 3
\BOOKMARK [2][-]{subsection.2.2}{Extension to Multiple Dimensions}{section.2}% 4
\BOOKMARK [1][-]{section.3}{Local Fourier Spectral Filters}{}% 5
\BOOKMARK [2][-]{subsection.3.1}{Desired Properties}{section.3}% 6
\BOOKMARK [2][-]{subsection.3.2}{Mechanics of LFS Filters}{section.3}% 7
\BOOKMARK [2][-]{subsection.3.3}{Internal Filtering Component}{section.3}% 8
\BOOKMARK [3][-]{subsubsection.3.3.1}{Matrix formation}{subsection.3.3}% 9
\BOOKMARK [3][-]{subsubsection.3.3.2}{Enforcing Conservation of a Constant Quantity}{subsection.3.3}% 10
\BOOKMARK [3][-]{subsubsection.3.3.3}{Integration Domain}{subsection.3.3}% 11
\BOOKMARK [2][-]{subsection.3.4}{Boundary Filtering Component}{section.3}% 12
\BOOKMARK [3][-]{subsubsection.3.4.1}{Ensuring Boundary Filtering Component Preserves Linearity of the Solution at the Boundary \(Condition 8\)}{subsection.3.4}% 13
\BOOKMARK [3][-]{subsubsection.3.4.2}{Ensuring Influence of Boundary Points on Internal Points is Inversely Proportional to their Distance \(Condition 5\)}{subsection.3.4}% 14
\BOOKMARK [1][-]{section.4}{Visualization of the LFS Filters in Triangular Elements}{}% 15
\BOOKMARK [2][-]{subsection.4.1}{Internal Filtering Components}{section.4}% 16
\BOOKMARK [2][-]{subsection.4.2}{Boundary Filtering Components}{section.4}% 17
\BOOKMARK [2][-]{subsection.4.3}{Filtered Solutions}{section.4}% 18
\BOOKMARK [1][-]{section.5}{Results}{}% 19
\BOOKMARK [2][-]{subsection.5.1}{Stabilization Strategy}{section.5}% 20
\BOOKMARK [2][-]{subsection.5.2}{Coarse mesh used in simulations}{section.5}% 21
\BOOKMARK [2][-]{subsection.5.3}{Flow Around a Circular Cylinder, Re = 106, Ma = 0.2}{section.5}% 22
\BOOKMARK [2][-]{subsection.5.4}{High Reynolds Number, Flow Around a Circular Cylinder, Re = 106, Ma = 0.077}{section.5}% 23
\BOOKMARK [2][-]{subsection.5.5}{High Reynolds Number, Flow Around a Circular Cylinder, Re = 106, Ma = 0.87}{section.5}% 24
\BOOKMARK [2][-]{subsection.5.6}{High Reynolds Number, Flow Around a Circular Cylinder, Re = 106, Ma = 0.0077, less-coarse mesh}{section.5}% 25
\BOOKMARK [1][-]{section.6}{Conclusion}{}% 26
\BOOKMARK [1][-]{section.7}{Future Work}{}% 27
